[2023-09-26 15:24:00,671] {taskinstance.py:1159} INFO - Dependencies all met for <TaskInstance: hello_world.hello_task scheduled__2023-09-25T12:00:00+00:00 [queued]>
[2023-09-26 15:24:00,681] {taskinstance.py:1159} INFO - Dependencies all met for <TaskInstance: hello_world.hello_task scheduled__2023-09-25T12:00:00+00:00 [queued]>
[2023-09-26 15:24:00,682] {taskinstance.py:1356} INFO - 
--------------------------------------------------------------------------------
[2023-09-26 15:24:00,682] {taskinstance.py:1357} INFO - Starting attempt 1 of 1
[2023-09-26 15:24:00,683] {taskinstance.py:1358} INFO - 
--------------------------------------------------------------------------------
[2023-09-26 15:24:00,698] {taskinstance.py:1377} INFO - Executing <Task(PythonOperator): hello_task> on 2023-09-25 12:00:00+00:00
[2023-09-26 15:24:00,703] {standard_task_runner.py:52} INFO - Started process 213 to run task
[2023-09-26 15:24:00,705] {standard_task_runner.py:79} INFO - Running: ['***', 'tasks', 'run', 'hello_world', 'hello_task', 'scheduled__2023-09-25T12:00:00+00:00', '--job-id', '8', '--raw', '--subdir', 'DAGS_FOLDER/dag_hello_world.py', '--cfg-path', '/tmp/tmp31cpmytm', '--error-file', '/tmp/tmpeln0xwjm']
[2023-09-26 15:24:00,706] {standard_task_runner.py:80} INFO - Job 8: Subtask hello_task
[2023-09-26 15:24:00,761] {task_command.py:369} INFO - Running <TaskInstance: hello_world.hello_task scheduled__2023-09-25T12:00:00+00:00 [running]> on host 480e97fc6dea
[2023-09-26 15:24:00,843] {taskinstance.py:1571} INFO - Exporting the following env vars:
AIRFLOW_CTX_DAG_OWNER=***
AIRFLOW_CTX_DAG_ID=hello_world
AIRFLOW_CTX_TASK_ID=hello_task
AIRFLOW_CTX_EXECUTION_DATE=2023-09-25T12:00:00+00:00
AIRFLOW_CTX_TRY_NUMBER=1
AIRFLOW_CTX_DAG_RUN_ID=scheduled__2023-09-25T12:00:00+00:00
[2023-09-26 15:24:00,844] {python.py:173} INFO - Done. Returned value was: Hello world from first Airflow DAG!
[2023-09-26 15:24:00,873] {taskinstance.py:1400} INFO - Marking task as SUCCESS. dag_id=hello_world, task_id=hello_task, execution_date=20230925T120000, start_date=20230926T152400, end_date=20230926T152400
[2023-09-26 15:24:00,917] {local_task_job.py:156} INFO - Task exited with return code 0
[2023-09-26 15:24:00,950] {local_task_job.py:273} INFO - 0 downstream tasks scheduled from follow-on schedule check
