[2023-09-26 10:04:39,134] {manager.py:474} INFO - Processing files using up to 2 processes at a time 
[2023-09-26 10:04:39,134] {manager.py:475} INFO - Process each file at most once every 30 seconds
[2023-09-26 10:04:39,135] {manager.py:477} INFO - Checking for new files in /opt/airflow/dags every 300 seconds
[2023-09-26 10:04:39,135] {manager.py:684} INFO - Searching for files in /opt/airflow/dags
[2023-09-26 10:04:39,139] {manager.py:687} INFO - There are 0 files in /opt/airflow/dags
[2023-09-26 10:07:14,750] {manager.py:455} INFO - Exiting gracefully upon receiving signal 15
[2023-09-26 10:08:39,168] {manager.py:474} INFO - Processing files using up to 2 processes at a time 
[2023-09-26 10:08:39,169] {manager.py:475} INFO - Process each file at most once every 30 seconds
[2023-09-26 10:08:39,169] {manager.py:477} INFO - Checking for new files in /opt/airflow/dags every 300 seconds
[2023-09-26 10:08:39,169] {manager.py:684} INFO - Searching for files in /opt/airflow/dags
[2023-09-26 10:08:39,172] {manager.py:687} INFO - There are 0 files in /opt/airflow/dags
[2023-09-26 10:13:39,764] {manager.py:684} INFO - Searching for files in /opt/airflow/dags
[2023-09-26 10:13:39,767] {manager.py:687} INFO - There are 0 files in /opt/airflow/dags
[2023-09-26 10:18:40,370] {manager.py:684} INFO - Searching for files in /opt/airflow/dags
[2023-09-26 10:18:40,373] {manager.py:687} INFO - There are 0 files in /opt/airflow/dags
[2023-09-26 10:23:40,992] {manager.py:684} INFO - Searching for files in /opt/airflow/dags
[2023-09-26 10:23:40,996] {manager.py:687} INFO - There are 0 files in /opt/airflow/dags
[2023-09-26 10:28:41,631] {manager.py:684} INFO - Searching for files in /opt/airflow/dags
[2023-09-26 10:28:41,636] {manager.py:687} INFO - There are 0 files in /opt/airflow/dags
[2023-09-26 11:31:05,970] {manager.py:684} INFO - Searching for files in /opt/airflow/dags
[2023-09-26 11:31:05,987] {manager.py:687} INFO - There are 0 files in /opt/airflow/dags
[2023-09-26 12:01:42,237] {manager.py:684} INFO - Searching for files in /opt/airflow/dags
[2023-09-26 12:01:42,308] {manager.py:687} INFO - There are 0 files in /opt/airflow/dags
[2023-09-26 12:06:42,939] {manager.py:684} INFO - Searching for files in /opt/airflow/dags
[2023-09-26 12:06:42,942] {manager.py:687} INFO - There are 0 files in /opt/airflow/dags
[2023-09-26 12:11:43,540] {manager.py:684} INFO - Searching for files in /opt/airflow/dags
[2023-09-26 12:11:43,544] {manager.py:687} INFO - There are 0 files in /opt/airflow/dags
[2023-09-26 12:16:44,133] {manager.py:684} INFO - Searching for files in /opt/airflow/dags
[2023-09-26 12:16:44,137] {manager.py:687} INFO - There are 0 files in /opt/airflow/dags
[2023-09-26 12:21:44,740] {manager.py:684} INFO - Searching for files in /opt/airflow/dags
[2023-09-26 12:21:44,744] {manager.py:687} INFO - There are 0 files in /opt/airflow/dags
[2023-09-26 12:26:45,352] {manager.py:684} INFO - Searching for files in /opt/airflow/dags
[2023-09-26 12:26:45,355] {manager.py:687} INFO - There are 0 files in /opt/airflow/dags
[2023-09-26 12:31:45,942] {manager.py:684} INFO - Searching for files in /opt/airflow/dags
[2023-09-26 12:31:45,946] {manager.py:687} INFO - There are 0 files in /opt/airflow/dags
[2023-09-26 12:32:58,936] {manager.py:455} INFO - Exiting gracefully upon receiving signal 15
[2023-09-26 12:34:57,605] {manager.py:474} INFO - Processing files using up to 2 processes at a time 
[2023-09-26 12:34:57,605] {manager.py:475} INFO - Process each file at most once every 30 seconds
[2023-09-26 12:34:57,605] {manager.py:477} INFO - Checking for new files in /opt/airflow/dags every 300 seconds
[2023-09-26 12:34:57,606] {manager.py:684} INFO - Searching for files in /opt/airflow/dags
[2023-09-26 12:34:57,610] {manager.py:687} INFO - There are 0 files in /opt/airflow/dags
[2023-09-26 12:39:58,215] {manager.py:684} INFO - Searching for files in /opt/airflow/dags
[2023-09-26 12:39:58,218] {manager.py:687} INFO - There are 0 files in /opt/airflow/dags
[2023-09-26 12:44:58,804] {manager.py:684} INFO - Searching for files in /opt/airflow/dags
[2023-09-26 12:44:58,808] {manager.py:687} INFO - There are 0 files in /opt/airflow/dags
[2023-09-26 12:49:05,182] {manager.py:455} INFO - Exiting gracefully upon receiving signal 15
[2023-09-26 12:51:05,747] {manager.py:474} INFO - Processing files using up to 2 processes at a time 
[2023-09-26 12:51:05,748] {manager.py:475} INFO - Process each file at most once every 30 seconds
[2023-09-26 12:51:05,748] {manager.py:477} INFO - Checking for new files in /opt/airflow/dags every 300 seconds
[2023-09-26 12:51:05,749] {manager.py:684} INFO - Searching for files in /opt/airflow/dags
[2023-09-26 12:51:05,752] {manager.py:687} INFO - There are 0 files in /opt/airflow/dags
[2023-09-26 12:56:06,382] {manager.py:684} INFO - Searching for files in /opt/airflow/dags
[2023-09-26 12:56:06,386] {manager.py:687} INFO - There are 0 files in /opt/airflow/dags
[2023-09-26 13:01:06,997] {manager.py:684} INFO - Searching for files in /opt/airflow/dags
[2023-09-26 13:01:07,002] {manager.py:687} INFO - There are 0 files in /opt/airflow/dags
[2023-09-26 13:06:07,779] {manager.py:684} INFO - Searching for files in /opt/airflow/dags
[2023-09-26 13:06:07,786] {manager.py:687} INFO - There are 0 files in /opt/airflow/dags
[2023-09-26 13:11:08,572] {manager.py:684} INFO - Searching for files in /opt/airflow/dags
[2023-09-26 13:11:08,579] {manager.py:687} INFO - There are 0 files in /opt/airflow/dags
[2023-09-26 13:16:09,385] {manager.py:684} INFO - Searching for files in /opt/airflow/dags
[2023-09-26 13:16:09,392] {manager.py:687} INFO - There are 0 files in /opt/airflow/dags
[2023-09-26 13:21:10,161] {manager.py:684} INFO - Searching for files in /opt/airflow/dags
[2023-09-26 13:21:10,165] {manager.py:687} INFO - There are 0 files in /opt/airflow/dags
[2023-09-26 13:26:10,755] {manager.py:684} INFO - Searching for files in /opt/airflow/dags
[2023-09-26 13:26:10,758] {manager.py:687} INFO - There are 0 files in /opt/airflow/dags
[2023-09-26 13:31:11,350] {manager.py:684} INFO - Searching for files in /opt/airflow/dags
[2023-09-26 13:31:11,353] {manager.py:687} INFO - There are 0 files in /opt/airflow/dags
[2023-09-26 13:31:32,273] {manager.py:455} INFO - Exiting gracefully upon receiving signal 15
[2023-09-26 13:32:26,838] {manager.py:474} INFO - Processing files using up to 2 processes at a time 
[2023-09-26 13:32:26,839] {manager.py:475} INFO - Process each file at most once every 30 seconds
[2023-09-26 13:32:26,839] {manager.py:477} INFO - Checking for new files in /opt/airflow/dags every 300 seconds
[2023-09-26 13:32:26,840] {manager.py:684} INFO - Searching for files in /opt/airflow/dags
[2023-09-26 13:32:26,843] {manager.py:687} INFO - There are 0 files in /opt/airflow/dags
[2023-09-26 13:37:27,443] {manager.py:684} INFO - Searching for files in /opt/airflow/dags
[2023-09-26 13:37:27,446] {manager.py:687} INFO - There are 0 files in /opt/airflow/dags
[2023-09-26 13:42:28,071] {manager.py:684} INFO - Searching for files in /opt/airflow/dags
[2023-09-26 13:42:28,074] {manager.py:687} INFO - There are 0 files in /opt/airflow/dags
[2023-09-26 13:45:18,366] {manager.py:455} INFO - Exiting gracefully upon receiving signal 15
[2023-09-26 13:46:11,726] {manager.py:474} INFO - Processing files using up to 2 processes at a time 
[2023-09-26 13:46:11,726] {manager.py:475} INFO - Process each file at most once every 30 seconds
[2023-09-26 13:46:11,727] {manager.py:477} INFO - Checking for new files in /opt/airflow/dags every 300 seconds
[2023-09-26 13:46:11,727] {manager.py:684} INFO - Searching for files in /opt/airflow/dags
[2023-09-26 13:46:11,730] {manager.py:687} INFO - There are 0 files in /opt/airflow/dags
[2023-09-26 13:48:37,004] {manager.py:455} INFO - Exiting gracefully upon receiving signal 15
[2023-09-26 13:49:36,565] {manager.py:474} INFO - Processing files using up to 2 processes at a time 
[2023-09-26 13:49:36,566] {manager.py:475} INFO - Process each file at most once every 30 seconds
[2023-09-26 13:49:36,566] {manager.py:477} INFO - Checking for new files in /opt/airflow/dags every 300 seconds
[2023-09-26 13:49:36,566] {manager.py:684} INFO - Searching for files in /opt/airflow/dags
[2023-09-26 13:49:36,570] {manager.py:687} INFO - There are 0 files in /opt/airflow/dags
[2023-09-26 13:51:07,253] {manager.py:455} INFO - Exiting gracefully upon receiving signal 15
[2023-09-26 13:51:53,843] {manager.py:474} INFO - Processing files using up to 2 processes at a time 
[2023-09-26 13:51:53,843] {manager.py:475} INFO - Process each file at most once every 30 seconds
[2023-09-26 13:51:53,844] {manager.py:477} INFO - Checking for new files in /opt/airflow/dags every 300 seconds
[2023-09-26 13:51:53,844] {manager.py:684} INFO - Searching for files in /opt/airflow/dags
[2023-09-26 13:51:53,848] {manager.py:687} INFO - There are 0 files in /opt/airflow/dags
[2023-09-26 13:52:41,437] {manager.py:455} INFO - Exiting gracefully upon receiving signal 15
[2023-09-26 13:53:49,237] {manager.py:474} INFO - Processing files using up to 2 processes at a time 
[2023-09-26 13:53:49,237] {manager.py:475} INFO - Process each file at most once every 30 seconds
[2023-09-26 13:53:49,238] {manager.py:477} INFO - Checking for new files in /opt/airflow/dags every 300 seconds
[2023-09-26 13:53:49,238] {manager.py:684} INFO - Searching for files in /opt/airflow/dags
[2023-09-26 13:53:49,241] {manager.py:687} INFO - There are 0 files in /opt/airflow/dags
[2023-09-26 13:58:49,850] {manager.py:684} INFO - Searching for files in /opt/airflow/dags
[2023-09-26 13:58:49,854] {manager.py:687} INFO - There are 0 files in /opt/airflow/dags
[2023-09-26 14:03:50,452] {manager.py:684} INFO - Searching for files in /opt/airflow/dags
[2023-09-26 14:03:50,456] {manager.py:687} INFO - There are 0 files in /opt/airflow/dags
[2023-09-26 14:08:51,036] {manager.py:684} INFO - Searching for files in /opt/airflow/dags
[2023-09-26 14:08:51,040] {manager.py:687} INFO - There are 0 files in /opt/airflow/dags
[2023-09-26 14:13:51,628] {manager.py:684} INFO - Searching for files in /opt/airflow/dags
[2023-09-26 14:13:51,632] {manager.py:687} INFO - There are 0 files in /opt/airflow/dags
[2023-09-26 14:18:52,210] {manager.py:684} INFO - Searching for files in /opt/airflow/dags
[2023-09-26 14:18:52,214] {manager.py:687} INFO - There are 0 files in /opt/airflow/dags
[2023-09-26 14:23:52,792] {manager.py:684} INFO - Searching for files in /opt/airflow/dags
[2023-09-26 14:23:52,795] {manager.py:687} INFO - There are 0 files in /opt/airflow/dags
[2023-09-26 14:28:53,379] {manager.py:684} INFO - Searching for files in /opt/airflow/dags
[2023-09-26 14:28:53,383] {manager.py:687} INFO - There are 0 files in /opt/airflow/dags
[2023-09-26 14:33:53,998] {manager.py:684} INFO - Searching for files in /opt/airflow/dags
[2023-09-26 14:33:54,002] {manager.py:687} INFO - There are 0 files in /opt/airflow/dags
[2023-09-26 14:38:54,598] {manager.py:684} INFO - Searching for files in /opt/airflow/dags
[2023-09-26 14:38:54,602] {manager.py:687} INFO - There are 0 files in /opt/airflow/dags
[2023-09-26 14:43:55,210] {manager.py:684} INFO - Searching for files in /opt/airflow/dags
[2023-09-26 14:43:55,214] {manager.py:687} INFO - There are 0 files in /opt/airflow/dags
[2023-09-26 14:48:55,827] {manager.py:684} INFO - Searching for files in /opt/airflow/dags
[2023-09-26 14:48:55,830] {manager.py:687} INFO - There are 0 files in /opt/airflow/dags
[2023-09-26 14:53:56,433] {manager.py:684} INFO - Searching for files in /opt/airflow/dags
[2023-09-26 14:53:56,437] {manager.py:687} INFO - There are 0 files in /opt/airflow/dags
[2023-09-26 14:58:57,025] {manager.py:684} INFO - Searching for files in /opt/airflow/dags
[2023-09-26 14:58:57,029] {manager.py:687} INFO - There are 0 files in /opt/airflow/dags
[2023-09-26 15:03:57,609] {manager.py:684} INFO - Searching for files in /opt/airflow/dags
[2023-09-26 15:03:57,612] {manager.py:687} INFO - There are 0 files in /opt/airflow/dags
[2023-09-26 15:08:58,203] {manager.py:684} INFO - Searching for files in /opt/airflow/dags
[2023-09-26 15:08:58,207] {manager.py:687} INFO - There are 0 files in /opt/airflow/dags
[2023-09-26 15:13:58,783] {manager.py:684} INFO - Searching for files in /opt/airflow/dags
[2023-09-26 15:13:58,786] {manager.py:687} INFO - There are 0 files in /opt/airflow/dags
[2023-09-26 15:18:59,393] {manager.py:684} INFO - Searching for files in /opt/airflow/dags
[2023-09-26 15:18:59,401] {manager.py:687} INFO - There are 0 files in /opt/airflow/dags
[2023-09-26 15:24:00,016] {manager.py:684} INFO - Searching for files in /opt/airflow/dags
[2023-09-26 15:24:00,031] {manager.py:687} INFO - There are 1 files in /opt/airflow/dags
[2023-09-26 15:24:00,047] {manager.py:803} INFO - 
================================================================================
DAG File Processing Stats

File Path                               PID  Runtime      # DAGs    # Errors  Last Runtime    Last Run
------------------------------------  -----  ---------  --------  ----------  --------------  ----------
/opt/airflow/dags/dag_hello_world.py    207  0.00s             0           0
================================================================================
[2023-09-26 15:24:30,155] {manager.py:803} INFO - 
================================================================================
DAG File Processing Stats

File Path                             PID    Runtime      # DAGs    # Errors  Last Runtime    Last Run
------------------------------------  -----  ---------  --------  ----------  --------------  -------------------
/opt/airflow/dags/dag_hello_world.py                           1           0  0.24s           2023-09-26T15:24:00
================================================================================
[2023-09-26 15:25:00,477] {manager.py:803} INFO - 
================================================================================
DAG File Processing Stats

File Path                             PID    Runtime      # DAGs    # Errors  Last Runtime    Last Run
------------------------------------  -----  ---------  --------  ----------  --------------  -------------------
/opt/airflow/dags/dag_hello_world.py                           1           0  0.11s           2023-09-26T15:24:30
================================================================================
[2023-09-26 15:25:30,751] {manager.py:803} INFO - 
================================================================================
DAG File Processing Stats

File Path                               PID  Runtime      # DAGs    # Errors  Last Runtime    Last Run
------------------------------------  -----  ---------  --------  ----------  --------------  -------------------
/opt/airflow/dags/dag_hello_world.py    224  0.00s             1           0  0.10s           2023-09-26T15:25:00
================================================================================
[2023-09-26 15:26:00,916] {manager.py:803} INFO - 
================================================================================
DAG File Processing Stats

File Path                               PID  Runtime      # DAGs    # Errors  Last Runtime    Last Run
------------------------------------  -----  ---------  --------  ----------  --------------  -------------------
/opt/airflow/dags/dag_hello_world.py    229  0.00s             1           0  0.08s           2023-09-26T15:25:30
================================================================================
[2023-09-26 15:26:31,026] {manager.py:803} INFO - 
================================================================================
DAG File Processing Stats

File Path                             PID    Runtime      # DAGs    # Errors  Last Runtime    Last Run
------------------------------------  -----  ---------  --------  ----------  --------------  -------------------
/opt/airflow/dags/dag_hello_world.py                           1           0  0.13s           2023-09-26T15:26:01
================================================================================
[2023-09-26 15:27:01,335] {manager.py:803} INFO - 
================================================================================
DAG File Processing Stats

File Path                               PID  Runtime      # DAGs    # Errors  Last Runtime    Last Run
------------------------------------  -----  ---------  --------  ----------  --------------  -------------------
/opt/airflow/dags/dag_hello_world.py    239  0.00s             1           0  0.13s           2023-09-26T15:26:31
================================================================================
[2023-09-26 15:27:31,490] {manager.py:803} INFO - 
================================================================================
DAG File Processing Stats

File Path                               PID  Runtime      # DAGs    # Errors  Last Runtime    Last Run
------------------------------------  -----  ---------  --------  ----------  --------------  -------------------
/opt/airflow/dags/dag_hello_world.py    244  0.00s             1           0  0.09s           2023-09-26T15:27:01
================================================================================
[2023-09-26 15:28:01,626] {manager.py:803} INFO - 
================================================================================
DAG File Processing Stats

File Path                               PID  Runtime      # DAGs    # Errors  Last Runtime    Last Run
------------------------------------  -----  ---------  --------  ----------  --------------  -------------------
/opt/airflow/dags/dag_hello_world.py    249  0.00s             1           0  0.08s           2023-09-26T15:27:31
================================================================================
[2023-09-26 15:28:31,782] {manager.py:803} INFO - 
================================================================================
DAG File Processing Stats

File Path                               PID  Runtime      # DAGs    # Errors  Last Runtime    Last Run
------------------------------------  -----  ---------  --------  ----------  --------------  -------------------
/opt/airflow/dags/dag_hello_world.py    254  0.00s             1           0  0.08s           2023-09-26T15:28:01
================================================================================
[2023-09-26 15:29:00,884] {manager.py:684} INFO - Searching for files in /opt/airflow/dags
[2023-09-26 15:29:00,908] {manager.py:687} INFO - There are 1 files in /opt/airflow/dags
[2023-09-26 15:29:01,924] {manager.py:803} INFO - 
================================================================================
DAG File Processing Stats

File Path                               PID  Runtime      # DAGs    # Errors  Last Runtime    Last Run
------------------------------------  -----  ---------  --------  ----------  --------------  -------------------
/opt/airflow/dags/dag_hello_world.py    259  0.00s             1           0  0.08s           2023-09-26T15:28:31
================================================================================
[2023-09-26 15:29:32,059] {manager.py:803} INFO - 
================================================================================
DAG File Processing Stats

File Path                               PID  Runtime      # DAGs    # Errors  Last Runtime    Last Run
------------------------------------  -----  ---------  --------  ----------  --------------  -------------------
/opt/airflow/dags/dag_hello_world.py    264  0.00s             1           0  0.08s           2023-09-26T15:29:02
================================================================================
[2023-09-26 15:30:02,212] {manager.py:803} INFO - 
================================================================================
DAG File Processing Stats

File Path                               PID  Runtime      # DAGs    # Errors  Last Runtime    Last Run
------------------------------------  -----  ---------  --------  ----------  --------------  -------------------
/opt/airflow/dags/dag_hello_world.py    269  0.00s             1           0  0.08s           2023-09-26T15:29:32
================================================================================
[2023-09-26 15:30:32,331] {manager.py:803} INFO - 
================================================================================
DAG File Processing Stats

File Path                               PID  Runtime      # DAGs    # Errors  Last Runtime    Last Run
------------------------------------  -----  ---------  --------  ----------  --------------  -------------------
/opt/airflow/dags/dag_hello_world.py    274  0.00s             1           0  0.08s           2023-09-26T15:30:02
================================================================================
[2023-09-26 15:31:02,444] {manager.py:803} INFO - 
================================================================================
DAG File Processing Stats

File Path                               PID  Runtime      # DAGs    # Errors  Last Runtime    Last Run
------------------------------------  -----  ---------  --------  ----------  --------------  -------------------
/opt/airflow/dags/dag_hello_world.py    279  0.00s             1           0  0.08s           2023-09-26T15:30:32
================================================================================
[2023-09-26 15:31:32,629] {manager.py:803} INFO - 
================================================================================
DAG File Processing Stats

File Path                               PID  Runtime      # DAGs    # Errors  Last Runtime    Last Run
------------------------------------  -----  ---------  --------  ----------  --------------  -------------------
/opt/airflow/dags/dag_hello_world.py    284  0.00s             1           0  0.08s           2023-09-26T15:31:02
================================================================================
[2023-09-26 15:32:02,801] {manager.py:803} INFO - 
================================================================================
DAG File Processing Stats

File Path                               PID  Runtime      # DAGs    # Errors  Last Runtime    Last Run
------------------------------------  -----  ---------  --------  ----------  --------------  -------------------
/opt/airflow/dags/dag_hello_world.py    289  0.00s             1           0  0.08s           2023-09-26T15:31:32
================================================================================
[2023-09-26 15:32:32,937] {manager.py:803} INFO - 
================================================================================
DAG File Processing Stats

File Path                               PID  Runtime      # DAGs    # Errors  Last Runtime    Last Run
------------------------------------  -----  ---------  --------  ----------  --------------  -------------------
/opt/airflow/dags/dag_hello_world.py    294  0.00s             1           0  0.09s           2023-09-26T15:32:02
================================================================================
[2023-09-26 15:33:03,099] {manager.py:803} INFO - 
================================================================================
DAG File Processing Stats

File Path                               PID  Runtime      # DAGs    # Errors  Last Runtime    Last Run
------------------------------------  -----  ---------  --------  ----------  --------------  -------------------
/opt/airflow/dags/dag_hello_world.py    299  0.00s             1           0  0.10s           2023-09-26T15:32:33
================================================================================
[2023-09-26 15:33:33,266] {manager.py:803} INFO - 
================================================================================
DAG File Processing Stats

File Path                               PID  Runtime      # DAGs    # Errors  Last Runtime    Last Run
------------------------------------  -----  ---------  --------  ----------  --------------  -------------------
/opt/airflow/dags/dag_hello_world.py    304  0.00s             1           0  0.11s           2023-09-26T15:33:03
================================================================================
[2023-09-26 15:34:01,434] {manager.py:684} INFO - Searching for files in /opt/airflow/dags
[2023-09-26 15:34:01,460] {manager.py:687} INFO - There are 1 files in /opt/airflow/dags
[2023-09-26 15:34:03,480] {manager.py:803} INFO - 
================================================================================
DAG File Processing Stats

File Path                               PID  Runtime      # DAGs    # Errors  Last Runtime    Last Run
------------------------------------  -----  ---------  --------  ----------  --------------  -------------------
/opt/airflow/dags/dag_hello_world.py    309  0.00s             1           0  0.17s           2023-09-26T15:33:33
================================================================================
[2023-09-26 15:34:33,652] {manager.py:803} INFO - 
================================================================================
DAG File Processing Stats

File Path                               PID  Runtime      # DAGs    # Errors  Last Runtime    Last Run
------------------------------------  -----  ---------  --------  ----------  --------------  -------------------
/opt/airflow/dags/dag_hello_world.py    314  0.00s             1           0  0.09s           2023-09-26T15:34:03
================================================================================
[2023-09-26 15:35:03,765] {manager.py:803} INFO - 
================================================================================
DAG File Processing Stats

File Path                               PID  Runtime      # DAGs    # Errors  Last Runtime    Last Run
------------------------------------  -----  ---------  --------  ----------  --------------  -------------------
/opt/airflow/dags/dag_hello_world.py    319  0.00s             1           0  0.09s           2023-09-26T15:34:33
================================================================================
[2023-09-26 15:35:33,933] {manager.py:803} INFO - 
================================================================================
DAG File Processing Stats

File Path                               PID  Runtime      # DAGs    # Errors  Last Runtime    Last Run
------------------------------------  -----  ---------  --------  ----------  --------------  -------------------
/opt/airflow/dags/dag_hello_world.py    324  0.01s             1           0  0.09s           2023-09-26T15:35:03
================================================================================
[2023-09-26 15:36:04,052] {manager.py:803} INFO - 
================================================================================
DAG File Processing Stats

File Path                             PID    Runtime      # DAGs    # Errors  Last Runtime    Last Run
------------------------------------  -----  ---------  --------  ----------  --------------  -------------------
/opt/airflow/dags/dag_hello_world.py                           1           0  0.14s           2023-09-26T15:35:34
================================================================================
[2023-09-26 15:36:34,263] {manager.py:803} INFO - 
================================================================================
DAG File Processing Stats

File Path                             PID    Runtime      # DAGs    # Errors  Last Runtime    Last Run
------------------------------------  -----  ---------  --------  ----------  --------------  -------------------
/opt/airflow/dags/dag_hello_world.py                           1           0  0.11s           2023-09-26T15:36:04
================================================================================
[2023-09-26 15:37:04,459] {manager.py:803} INFO - 
================================================================================
DAG File Processing Stats

File Path                             PID    Runtime      # DAGs    # Errors  Last Runtime    Last Run
------------------------------------  -----  ---------  --------  ----------  --------------  -------------------
/opt/airflow/dags/dag_hello_world.py                           0           1  0.07s           2023-09-26T15:36:55
================================================================================
[2023-09-26 15:37:34,601] {manager.py:803} INFO - 
================================================================================
DAG File Processing Stats

File Path                             PID    Runtime      # DAGs    # Errors  Last Runtime    Last Run
------------------------------------  -----  ---------  --------  ----------  --------------  -------------------
/opt/airflow/dags/dag_hello_world.py                           1           0  0.10s           2023-09-26T15:37:28
================================================================================
[2023-09-26 15:38:04,789] {manager.py:505} INFO - DAG hello_world is missing and will be deactivated.
[2023-09-26 15:38:04,792] {manager.py:515} INFO - Deactivated 1 DAGs which are no longer present in file.
[2023-09-26 15:38:04,796] {manager.py:803} INFO - 
================================================================================
DAG File Processing Stats

File Path                             PID    Runtime      # DAGs    # Errors  Last Runtime    Last Run
------------------------------------  -----  ---------  --------  ----------  --------------  -------------------
/opt/airflow/dags/dag_hello_world.py                           1           0  0.08s           2023-09-26T15:37:58
================================================================================
[2023-09-26 15:38:35,031] {manager.py:803} INFO - 
================================================================================
DAG File Processing Stats

File Path                             PID    Runtime      # DAGs    # Errors  Last Runtime    Last Run
------------------------------------  -----  ---------  --------  ----------  --------------  -------------------
/opt/airflow/dags/dag_hello_world.py                           1           0  0.11s           2023-09-26T15:38:33
================================================================================
[2023-09-26 15:39:02,128] {manager.py:684} INFO - Searching for files in /opt/airflow/dags
[2023-09-26 15:39:02,153] {manager.py:687} INFO - There are 1 files in /opt/airflow/dags
[2023-09-26 15:39:05,180] {manager.py:803} INFO - 
================================================================================
DAG File Processing Stats

File Path                             PID    Runtime      # DAGs    # Errors  Last Runtime    Last Run
------------------------------------  -----  ---------  --------  ----------  --------------  -------------------
/opt/airflow/dags/dag_hello_world.py                           1           0  0.12s           2023-09-26T15:39:03
================================================================================
[2023-09-26 15:39:35,380] {manager.py:803} INFO - 
================================================================================
DAG File Processing Stats

File Path                             PID    Runtime      # DAGs    # Errors  Last Runtime    Last Run
------------------------------------  -----  ---------  --------  ----------  --------------  -------------------
/opt/airflow/dags/dag_hello_world.py                           1           0  0.11s           2023-09-26T15:39:33
================================================================================
[2023-09-26 15:40:05,579] {manager.py:803} INFO - 
================================================================================
DAG File Processing Stats

File Path                             PID    Runtime      # DAGs    # Errors  Last Runtime    Last Run
------------------------------------  -----  ---------  --------  ----------  --------------  -------------------
/opt/airflow/dags/dag_hello_world.py                           1           0  0.09s           2023-09-26T15:40:03
================================================================================
[2023-09-26 15:40:35,743] {manager.py:803} INFO - 
================================================================================
DAG File Processing Stats

File Path                             PID    Runtime      # DAGs    # Errors  Last Runtime    Last Run
------------------------------------  -----  ---------  --------  ----------  --------------  -------------------
/opt/airflow/dags/dag_hello_world.py                           1           0  0.09s           2023-09-26T15:40:33
================================================================================
[2023-09-26 15:41:05,860] {manager.py:803} INFO - 
================================================================================
DAG File Processing Stats

File Path                             PID    Runtime      # DAGs    # Errors  Last Runtime    Last Run
------------------------------------  -----  ---------  --------  ----------  --------------  -------------------
/opt/airflow/dags/dag_hello_world.py                           1           0  0.08s           2023-09-26T15:41:03
================================================================================
[2023-09-26 15:41:36,023] {manager.py:803} INFO - 
================================================================================
DAG File Processing Stats

File Path                             PID    Runtime      # DAGs    # Errors  Last Runtime    Last Run
------------------------------------  -----  ---------  --------  ----------  --------------  -------------------
/opt/airflow/dags/dag_hello_world.py                           1           0  0.09s           2023-09-26T15:41:34
================================================================================
[2023-09-26 15:42:06,137] {manager.py:803} INFO - 
================================================================================
DAG File Processing Stats

File Path                             PID    Runtime      # DAGs    # Errors  Last Runtime    Last Run
------------------------------------  -----  ---------  --------  ----------  --------------  -------------------
/opt/airflow/dags/dag_hello_world.py                           1           0  0.08s           2023-09-26T15:42:04
================================================================================
[2023-09-26 15:42:36,296] {manager.py:803} INFO - 
================================================================================
DAG File Processing Stats

File Path                             PID    Runtime      # DAGs    # Errors  Last Runtime    Last Run
------------------------------------  -----  ---------  --------  ----------  --------------  -------------------
/opt/airflow/dags/dag_hello_world.py                           1           0  0.10s           2023-09-26T15:42:34
================================================================================
[2023-09-26 15:43:06,417] {manager.py:803} INFO - 
================================================================================
DAG File Processing Stats

File Path                             PID    Runtime      # DAGs    # Errors  Last Runtime    Last Run
------------------------------------  -----  ---------  --------  ----------  --------------  -------------------
/opt/airflow/dags/dag_hello_world.py                           1           0  0.09s           2023-09-26T15:43:04
================================================================================
[2023-09-26 15:43:36,578] {manager.py:803} INFO - 
================================================================================
DAG File Processing Stats

File Path                             PID    Runtime      # DAGs    # Errors  Last Runtime    Last Run
------------------------------------  -----  ---------  --------  ----------  --------------  -------------------
/opt/airflow/dags/dag_hello_world.py                           1           0  0.16s           2023-09-26T15:43:34
================================================================================
[2023-09-26 15:44:02,675] {manager.py:684} INFO - Searching for files in /opt/airflow/dags
[2023-09-26 15:44:02,704] {manager.py:687} INFO - There are 1 files in /opt/airflow/dags
[2023-09-26 15:44:06,783] {manager.py:803} INFO - 
================================================================================
DAG File Processing Stats

File Path                             PID    Runtime      # DAGs    # Errors  Last Runtime    Last Run
------------------------------------  -----  ---------  --------  ----------  --------------  -------------------
/opt/airflow/dags/dag_hello_world.py                           1           0  0.12s           2023-09-26T15:44:04
================================================================================
[2023-09-26 15:44:36,936] {manager.py:803} INFO - 
================================================================================
DAG File Processing Stats

File Path                             PID    Runtime      # DAGs    # Errors  Last Runtime    Last Run
------------------------------------  -----  ---------  --------  ----------  --------------  -------------------
/opt/airflow/dags/dag_hello_world.py                           1           0  0.10s           2023-09-26T15:44:34
================================================================================
[2023-09-26 15:45:07,067] {manager.py:803} INFO - 
================================================================================
DAG File Processing Stats

File Path                             PID    Runtime      # DAGs    # Errors  Last Runtime    Last Run
------------------------------------  -----  ---------  --------  ----------  --------------  -------------------
/opt/airflow/dags/dag_hello_world.py                           1           0  0.09s           2023-09-26T15:45:05
================================================================================
[2023-09-26 15:45:37,213] {manager.py:803} INFO - 
================================================================================
DAG File Processing Stats

File Path                             PID    Runtime      # DAGs    # Errors  Last Runtime    Last Run
------------------------------------  -----  ---------  --------  ----------  --------------  -------------------
/opt/airflow/dags/dag_hello_world.py                           1           0  0.08s           2023-09-26T15:45:35
================================================================================
