[2023-09-26 15:24:00,069] {processor.py:153} INFO - Started process (PID=207) to work on /opt/airflow/dags/dag_hello_world.py
[2023-09-26 15:24:00,070] {processor.py:641} INFO - Processing file /opt/airflow/dags/dag_hello_world.py for tasks to queue
[2023-09-26 15:24:00,071] {logging_mixin.py:115} INFO - [2023-09-26 15:24:00,071] {dagbag.py:507} INFO - Filling up the DagBag from /opt/airflow/dags/dag_hello_world.py
[2023-09-26 15:24:00,112] {processor.py:651} INFO - DAG(s) dict_keys(['hello_world']) retrieved from /opt/airflow/dags/dag_hello_world.py
[2023-09-26 15:24:00,197] {logging_mixin.py:115} INFO - [2023-09-26 15:24:00,197] {manager.py:508} INFO - Created Permission View: can delete on DAG:hello_world
[2023-09-26 15:24:00,209] {logging_mixin.py:115} INFO - [2023-09-26 15:24:00,209] {manager.py:508} INFO - Created Permission View: can read on DAG:hello_world
[2023-09-26 15:24:00,221] {logging_mixin.py:115} INFO - [2023-09-26 15:24:00,221] {manager.py:508} INFO - Created Permission View: can edit on DAG:hello_world
[2023-09-26 15:24:00,222] {logging_mixin.py:115} INFO - [2023-09-26 15:24:00,221] {dag.py:2371} INFO - Sync 1 DAGs
[2023-09-26 15:24:00,233] {logging_mixin.py:115} INFO - [2023-09-26 15:24:00,233] {dag.py:2390} INFO - Creating ORM DAG for hello_world
[2023-09-26 15:24:00,254] {logging_mixin.py:115} INFO - [2023-09-26 15:24:00,254] {dag.py:2919} INFO - Setting next_dagrun for hello_world to 2023-09-25T12:00:00+00:00, run_after=2023-09-26T12:00:00+00:00
[2023-09-26 15:24:00,273] {processor.py:161} INFO - Processing /opt/airflow/dags/dag_hello_world.py took 0.208 seconds
[2023-09-26 15:24:30,389] {processor.py:153} INFO - Started process (PID=214) to work on /opt/airflow/dags/dag_hello_world.py
[2023-09-26 15:24:30,389] {processor.py:641} INFO - Processing file /opt/airflow/dags/dag_hello_world.py for tasks to queue
[2023-09-26 15:24:30,390] {logging_mixin.py:115} INFO - [2023-09-26 15:24:30,390] {dagbag.py:507} INFO - Filling up the DagBag from /opt/airflow/dags/dag_hello_world.py
[2023-09-26 15:24:30,410] {processor.py:651} INFO - DAG(s) dict_keys(['hello_world']) retrieved from /opt/airflow/dags/dag_hello_world.py
[2023-09-26 15:24:30,431] {logging_mixin.py:115} INFO - [2023-09-26 15:24:30,431] {dag.py:2371} INFO - Sync 1 DAGs
[2023-09-26 15:24:30,452] {logging_mixin.py:115} INFO - [2023-09-26 15:24:30,452] {dag.py:2919} INFO - Setting next_dagrun for hello_world to 2023-09-26T12:00:00+00:00, run_after=2023-09-27T12:00:00+00:00
[2023-09-26 15:24:30,471] {processor.py:161} INFO - Processing /opt/airflow/dags/dag_hello_world.py took 0.085 seconds
[2023-09-26 15:25:00,598] {processor.py:153} INFO - Started process (PID=219) to work on /opt/airflow/dags/dag_hello_world.py
[2023-09-26 15:25:00,599] {processor.py:641} INFO - Processing file /opt/airflow/dags/dag_hello_world.py for tasks to queue
[2023-09-26 15:25:00,599] {logging_mixin.py:115} INFO - [2023-09-26 15:25:00,599] {dagbag.py:507} INFO - Filling up the DagBag from /opt/airflow/dags/dag_hello_world.py
[2023-09-26 15:25:00,622] {processor.py:651} INFO - DAG(s) dict_keys(['hello_world']) retrieved from /opt/airflow/dags/dag_hello_world.py
[2023-09-26 15:25:00,641] {logging_mixin.py:115} INFO - [2023-09-26 15:25:00,641] {dag.py:2371} INFO - Sync 1 DAGs
[2023-09-26 15:25:00,658] {logging_mixin.py:115} INFO - [2023-09-26 15:25:00,657] {dag.py:2919} INFO - Setting next_dagrun for hello_world to 2023-09-26T12:00:00+00:00, run_after=2023-09-27T12:00:00+00:00
[2023-09-26 15:25:00,668] {processor.py:161} INFO - Processing /opt/airflow/dags/dag_hello_world.py took 0.072 seconds
[2023-09-26 15:25:30,766] {processor.py:153} INFO - Started process (PID=224) to work on /opt/airflow/dags/dag_hello_world.py
[2023-09-26 15:25:30,767] {processor.py:641} INFO - Processing file /opt/airflow/dags/dag_hello_world.py for tasks to queue
[2023-09-26 15:25:30,767] {logging_mixin.py:115} INFO - [2023-09-26 15:25:30,767] {dagbag.py:507} INFO - Filling up the DagBag from /opt/airflow/dags/dag_hello_world.py
[2023-09-26 15:25:30,784] {processor.py:651} INFO - DAG(s) dict_keys(['hello_world']) retrieved from /opt/airflow/dags/dag_hello_world.py
[2023-09-26 15:25:30,801] {logging_mixin.py:115} INFO - [2023-09-26 15:25:30,801] {dag.py:2371} INFO - Sync 1 DAGs
[2023-09-26 15:25:30,815] {logging_mixin.py:115} INFO - [2023-09-26 15:25:30,815] {dag.py:2919} INFO - Setting next_dagrun for hello_world to 2023-09-26T12:00:00+00:00, run_after=2023-09-27T12:00:00+00:00
[2023-09-26 15:25:30,824] {processor.py:161} INFO - Processing /opt/airflow/dags/dag_hello_world.py took 0.060 seconds
[2023-09-26 15:26:00,950] {processor.py:153} INFO - Started process (PID=229) to work on /opt/airflow/dags/dag_hello_world.py
[2023-09-26 15:26:00,951] {processor.py:641} INFO - Processing file /opt/airflow/dags/dag_hello_world.py for tasks to queue
[2023-09-26 15:26:00,954] {logging_mixin.py:115} INFO - [2023-09-26 15:26:00,954] {dagbag.py:507} INFO - Filling up the DagBag from /opt/airflow/dags/dag_hello_world.py
[2023-09-26 15:26:00,992] {processor.py:651} INFO - DAG(s) dict_keys(['hello_world']) retrieved from /opt/airflow/dags/dag_hello_world.py
[2023-09-26 15:26:01,010] {logging_mixin.py:115} INFO - [2023-09-26 15:26:01,010] {dag.py:2371} INFO - Sync 1 DAGs
[2023-09-26 15:26:01,029] {logging_mixin.py:115} INFO - [2023-09-26 15:26:01,029] {dag.py:2919} INFO - Setting next_dagrun for hello_world to 2023-09-26T12:00:00+00:00, run_after=2023-09-27T12:00:00+00:00
[2023-09-26 15:26:01,039] {processor.py:161} INFO - Processing /opt/airflow/dags/dag_hello_world.py took 0.092 seconds
[2023-09-26 15:26:31,191] {processor.py:153} INFO - Started process (PID=234) to work on /opt/airflow/dags/dag_hello_world.py
[2023-09-26 15:26:31,192] {processor.py:641} INFO - Processing file /opt/airflow/dags/dag_hello_world.py for tasks to queue
[2023-09-26 15:26:31,192] {logging_mixin.py:115} INFO - [2023-09-26 15:26:31,192] {dagbag.py:507} INFO - Filling up the DagBag from /opt/airflow/dags/dag_hello_world.py
[2023-09-26 15:26:31,220] {processor.py:651} INFO - DAG(s) dict_keys(['hello_world']) retrieved from /opt/airflow/dags/dag_hello_world.py
[2023-09-26 15:26:31,246] {logging_mixin.py:115} INFO - [2023-09-26 15:26:31,245] {dag.py:2371} INFO - Sync 1 DAGs
[2023-09-26 15:26:31,268] {logging_mixin.py:115} INFO - [2023-09-26 15:26:31,267] {dag.py:2919} INFO - Setting next_dagrun for hello_world to 2023-09-26T12:00:00+00:00, run_after=2023-09-27T12:00:00+00:00
[2023-09-26 15:26:31,281] {processor.py:161} INFO - Processing /opt/airflow/dags/dag_hello_world.py took 0.092 seconds
[2023-09-26 15:27:01,349] {processor.py:153} INFO - Started process (PID=239) to work on /opt/airflow/dags/dag_hello_world.py
[2023-09-26 15:27:01,350] {processor.py:641} INFO - Processing file /opt/airflow/dags/dag_hello_world.py for tasks to queue
[2023-09-26 15:27:01,350] {logging_mixin.py:115} INFO - [2023-09-26 15:27:01,350] {dagbag.py:507} INFO - Filling up the DagBag from /opt/airflow/dags/dag_hello_world.py
[2023-09-26 15:27:01,368] {processor.py:651} INFO - DAG(s) dict_keys(['hello_world']) retrieved from /opt/airflow/dags/dag_hello_world.py
[2023-09-26 15:27:01,387] {logging_mixin.py:115} INFO - [2023-09-26 15:27:01,387] {dag.py:2371} INFO - Sync 1 DAGs
[2023-09-26 15:27:01,403] {logging_mixin.py:115} INFO - [2023-09-26 15:27:01,403] {dag.py:2919} INFO - Setting next_dagrun for hello_world to 2023-09-26T12:00:00+00:00, run_after=2023-09-27T12:00:00+00:00
[2023-09-26 15:27:01,411] {processor.py:161} INFO - Processing /opt/airflow/dags/dag_hello_world.py took 0.064 seconds
[2023-09-26 15:27:31,505] {processor.py:153} INFO - Started process (PID=244) to work on /opt/airflow/dags/dag_hello_world.py
[2023-09-26 15:27:31,506] {processor.py:641} INFO - Processing file /opt/airflow/dags/dag_hello_world.py for tasks to queue
[2023-09-26 15:27:31,506] {logging_mixin.py:115} INFO - [2023-09-26 15:27:31,506] {dagbag.py:507} INFO - Filling up the DagBag from /opt/airflow/dags/dag_hello_world.py
[2023-09-26 15:27:31,524] {processor.py:651} INFO - DAG(s) dict_keys(['hello_world']) retrieved from /opt/airflow/dags/dag_hello_world.py
[2023-09-26 15:27:31,541] {logging_mixin.py:115} INFO - [2023-09-26 15:27:31,541] {dag.py:2371} INFO - Sync 1 DAGs
[2023-09-26 15:27:31,556] {logging_mixin.py:115} INFO - [2023-09-26 15:27:31,556] {dag.py:2919} INFO - Setting next_dagrun for hello_world to 2023-09-26T12:00:00+00:00, run_after=2023-09-27T12:00:00+00:00
[2023-09-26 15:27:31,565] {processor.py:161} INFO - Processing /opt/airflow/dags/dag_hello_world.py took 0.062 seconds
[2023-09-26 15:28:01,639] {processor.py:153} INFO - Started process (PID=249) to work on /opt/airflow/dags/dag_hello_world.py
[2023-09-26 15:28:01,640] {processor.py:641} INFO - Processing file /opt/airflow/dags/dag_hello_world.py for tasks to queue
[2023-09-26 15:28:01,640] {logging_mixin.py:115} INFO - [2023-09-26 15:28:01,640] {dagbag.py:507} INFO - Filling up the DagBag from /opt/airflow/dags/dag_hello_world.py
[2023-09-26 15:28:01,657] {processor.py:651} INFO - DAG(s) dict_keys(['hello_world']) retrieved from /opt/airflow/dags/dag_hello_world.py
[2023-09-26 15:28:01,674] {logging_mixin.py:115} INFO - [2023-09-26 15:28:01,674] {dag.py:2371} INFO - Sync 1 DAGs
[2023-09-26 15:28:01,688] {logging_mixin.py:115} INFO - [2023-09-26 15:28:01,688] {dag.py:2919} INFO - Setting next_dagrun for hello_world to 2023-09-26T12:00:00+00:00, run_after=2023-09-27T12:00:00+00:00
[2023-09-26 15:28:01,697] {processor.py:161} INFO - Processing /opt/airflow/dags/dag_hello_world.py took 0.060 seconds
[2023-09-26 15:28:31,796] {processor.py:153} INFO - Started process (PID=254) to work on /opt/airflow/dags/dag_hello_world.py
[2023-09-26 15:28:31,797] {processor.py:641} INFO - Processing file /opt/airflow/dags/dag_hello_world.py for tasks to queue
[2023-09-26 15:28:31,797] {logging_mixin.py:115} INFO - [2023-09-26 15:28:31,797] {dagbag.py:507} INFO - Filling up the DagBag from /opt/airflow/dags/dag_hello_world.py
[2023-09-26 15:28:31,815] {processor.py:651} INFO - DAG(s) dict_keys(['hello_world']) retrieved from /opt/airflow/dags/dag_hello_world.py
[2023-09-26 15:28:31,831] {logging_mixin.py:115} INFO - [2023-09-26 15:28:31,831] {dag.py:2371} INFO - Sync 1 DAGs
[2023-09-26 15:28:31,845] {logging_mixin.py:115} INFO - [2023-09-26 15:28:31,845] {dag.py:2919} INFO - Setting next_dagrun for hello_world to 2023-09-26T12:00:00+00:00, run_after=2023-09-27T12:00:00+00:00
[2023-09-26 15:28:31,854] {processor.py:161} INFO - Processing /opt/airflow/dags/dag_hello_world.py took 0.060 seconds
[2023-09-26 15:29:01,939] {processor.py:153} INFO - Started process (PID=259) to work on /opt/airflow/dags/dag_hello_world.py
[2023-09-26 15:29:01,939] {processor.py:641} INFO - Processing file /opt/airflow/dags/dag_hello_world.py for tasks to queue
[2023-09-26 15:29:01,940] {logging_mixin.py:115} INFO - [2023-09-26 15:29:01,940] {dagbag.py:507} INFO - Filling up the DagBag from /opt/airflow/dags/dag_hello_world.py
[2023-09-26 15:29:01,958] {processor.py:651} INFO - DAG(s) dict_keys(['hello_world']) retrieved from /opt/airflow/dags/dag_hello_world.py
[2023-09-26 15:29:01,974] {logging_mixin.py:115} INFO - [2023-09-26 15:29:01,974] {dag.py:2371} INFO - Sync 1 DAGs
[2023-09-26 15:29:01,989] {logging_mixin.py:115} INFO - [2023-09-26 15:29:01,989] {dag.py:2919} INFO - Setting next_dagrun for hello_world to 2023-09-26T12:00:00+00:00, run_after=2023-09-27T12:00:00+00:00
[2023-09-26 15:29:01,997] {processor.py:161} INFO - Processing /opt/airflow/dags/dag_hello_world.py took 0.060 seconds
[2023-09-26 15:29:32,073] {processor.py:153} INFO - Started process (PID=264) to work on /opt/airflow/dags/dag_hello_world.py
[2023-09-26 15:29:32,074] {processor.py:641} INFO - Processing file /opt/airflow/dags/dag_hello_world.py for tasks to queue
[2023-09-26 15:29:32,074] {logging_mixin.py:115} INFO - [2023-09-26 15:29:32,074] {dagbag.py:507} INFO - Filling up the DagBag from /opt/airflow/dags/dag_hello_world.py
[2023-09-26 15:29:32,093] {processor.py:651} INFO - DAG(s) dict_keys(['hello_world']) retrieved from /opt/airflow/dags/dag_hello_world.py
[2023-09-26 15:29:32,110] {logging_mixin.py:115} INFO - [2023-09-26 15:29:32,110] {dag.py:2371} INFO - Sync 1 DAGs
[2023-09-26 15:29:32,125] {logging_mixin.py:115} INFO - [2023-09-26 15:29:32,124] {dag.py:2919} INFO - Setting next_dagrun for hello_world to 2023-09-26T12:00:00+00:00, run_after=2023-09-27T12:00:00+00:00
[2023-09-26 15:29:32,133] {processor.py:161} INFO - Processing /opt/airflow/dags/dag_hello_world.py took 0.062 seconds
[2023-09-26 15:30:02,227] {processor.py:153} INFO - Started process (PID=269) to work on /opt/airflow/dags/dag_hello_world.py
[2023-09-26 15:30:02,227] {processor.py:641} INFO - Processing file /opt/airflow/dags/dag_hello_world.py for tasks to queue
[2023-09-26 15:30:02,228] {logging_mixin.py:115} INFO - [2023-09-26 15:30:02,228] {dagbag.py:507} INFO - Filling up the DagBag from /opt/airflow/dags/dag_hello_world.py
[2023-09-26 15:30:02,245] {processor.py:651} INFO - DAG(s) dict_keys(['hello_world']) retrieved from /opt/airflow/dags/dag_hello_world.py
[2023-09-26 15:30:02,261] {logging_mixin.py:115} INFO - [2023-09-26 15:30:02,261] {dag.py:2371} INFO - Sync 1 DAGs
[2023-09-26 15:30:02,276] {logging_mixin.py:115} INFO - [2023-09-26 15:30:02,276] {dag.py:2919} INFO - Setting next_dagrun for hello_world to 2023-09-26T12:00:00+00:00, run_after=2023-09-27T12:00:00+00:00
[2023-09-26 15:30:02,286] {processor.py:161} INFO - Processing /opt/airflow/dags/dag_hello_world.py took 0.061 seconds
[2023-09-26 15:30:32,346] {processor.py:153} INFO - Started process (PID=274) to work on /opt/airflow/dags/dag_hello_world.py
[2023-09-26 15:30:32,346] {processor.py:641} INFO - Processing file /opt/airflow/dags/dag_hello_world.py for tasks to queue
[2023-09-26 15:30:32,347] {logging_mixin.py:115} INFO - [2023-09-26 15:30:32,347] {dagbag.py:507} INFO - Filling up the DagBag from /opt/airflow/dags/dag_hello_world.py
[2023-09-26 15:30:32,365] {processor.py:651} INFO - DAG(s) dict_keys(['hello_world']) retrieved from /opt/airflow/dags/dag_hello_world.py
[2023-09-26 15:30:32,382] {logging_mixin.py:115} INFO - [2023-09-26 15:30:32,381] {dag.py:2371} INFO - Sync 1 DAGs
[2023-09-26 15:30:32,397] {logging_mixin.py:115} INFO - [2023-09-26 15:30:32,397] {dag.py:2919} INFO - Setting next_dagrun for hello_world to 2023-09-26T12:00:00+00:00, run_after=2023-09-27T12:00:00+00:00
[2023-09-26 15:30:32,406] {processor.py:161} INFO - Processing /opt/airflow/dags/dag_hello_world.py took 0.062 seconds
[2023-09-26 15:31:02,458] {processor.py:153} INFO - Started process (PID=279) to work on /opt/airflow/dags/dag_hello_world.py
[2023-09-26 15:31:02,458] {processor.py:641} INFO - Processing file /opt/airflow/dags/dag_hello_world.py for tasks to queue
[2023-09-26 15:31:02,459] {logging_mixin.py:115} INFO - [2023-09-26 15:31:02,459] {dagbag.py:507} INFO - Filling up the DagBag from /opt/airflow/dags/dag_hello_world.py
[2023-09-26 15:31:02,476] {processor.py:651} INFO - DAG(s) dict_keys(['hello_world']) retrieved from /opt/airflow/dags/dag_hello_world.py
[2023-09-26 15:31:02,493] {logging_mixin.py:115} INFO - [2023-09-26 15:31:02,493] {dag.py:2371} INFO - Sync 1 DAGs
[2023-09-26 15:31:02,509] {logging_mixin.py:115} INFO - [2023-09-26 15:31:02,509] {dag.py:2919} INFO - Setting next_dagrun for hello_world to 2023-09-26T12:00:00+00:00, run_after=2023-09-27T12:00:00+00:00
[2023-09-26 15:31:02,517] {processor.py:161} INFO - Processing /opt/airflow/dags/dag_hello_world.py took 0.061 seconds
[2023-09-26 15:31:32,644] {processor.py:153} INFO - Started process (PID=284) to work on /opt/airflow/dags/dag_hello_world.py
[2023-09-26 15:31:32,644] {processor.py:641} INFO - Processing file /opt/airflow/dags/dag_hello_world.py for tasks to queue
[2023-09-26 15:31:32,645] {logging_mixin.py:115} INFO - [2023-09-26 15:31:32,645] {dagbag.py:507} INFO - Filling up the DagBag from /opt/airflow/dags/dag_hello_world.py
[2023-09-26 15:31:32,663] {processor.py:651} INFO - DAG(s) dict_keys(['hello_world']) retrieved from /opt/airflow/dags/dag_hello_world.py
[2023-09-26 15:31:32,680] {logging_mixin.py:115} INFO - [2023-09-26 15:31:32,680] {dag.py:2371} INFO - Sync 1 DAGs
[2023-09-26 15:31:32,695] {logging_mixin.py:115} INFO - [2023-09-26 15:31:32,695] {dag.py:2919} INFO - Setting next_dagrun for hello_world to 2023-09-26T12:00:00+00:00, run_after=2023-09-27T12:00:00+00:00
[2023-09-26 15:31:32,704] {processor.py:161} INFO - Processing /opt/airflow/dags/dag_hello_world.py took 0.062 seconds
[2023-09-26 15:32:02,815] {processor.py:153} INFO - Started process (PID=289) to work on /opt/airflow/dags/dag_hello_world.py
[2023-09-26 15:32:02,815] {processor.py:641} INFO - Processing file /opt/airflow/dags/dag_hello_world.py for tasks to queue
[2023-09-26 15:32:02,816] {logging_mixin.py:115} INFO - [2023-09-26 15:32:02,816] {dagbag.py:507} INFO - Filling up the DagBag from /opt/airflow/dags/dag_hello_world.py
[2023-09-26 15:32:02,834] {processor.py:651} INFO - DAG(s) dict_keys(['hello_world']) retrieved from /opt/airflow/dags/dag_hello_world.py
[2023-09-26 15:32:02,851] {logging_mixin.py:115} INFO - [2023-09-26 15:32:02,851] {dag.py:2371} INFO - Sync 1 DAGs
[2023-09-26 15:32:02,866] {logging_mixin.py:115} INFO - [2023-09-26 15:32:02,866] {dag.py:2919} INFO - Setting next_dagrun for hello_world to 2023-09-26T12:00:00+00:00, run_after=2023-09-27T12:00:00+00:00
[2023-09-26 15:32:02,877] {processor.py:161} INFO - Processing /opt/airflow/dags/dag_hello_world.py took 0.064 seconds
[2023-09-26 15:32:32,951] {processor.py:153} INFO - Started process (PID=294) to work on /opt/airflow/dags/dag_hello_world.py
[2023-09-26 15:32:32,952] {processor.py:641} INFO - Processing file /opt/airflow/dags/dag_hello_world.py for tasks to queue
[2023-09-26 15:32:32,952] {logging_mixin.py:115} INFO - [2023-09-26 15:32:32,952] {dagbag.py:507} INFO - Filling up the DagBag from /opt/airflow/dags/dag_hello_world.py
[2023-09-26 15:32:32,972] {processor.py:651} INFO - DAG(s) dict_keys(['hello_world']) retrieved from /opt/airflow/dags/dag_hello_world.py
[2023-09-26 15:32:32,993] {logging_mixin.py:115} INFO - [2023-09-26 15:32:32,993] {dag.py:2371} INFO - Sync 1 DAGs
[2023-09-26 15:32:33,012] {logging_mixin.py:115} INFO - [2023-09-26 15:32:33,012] {dag.py:2919} INFO - Setting next_dagrun for hello_world to 2023-09-26T12:00:00+00:00, run_after=2023-09-27T12:00:00+00:00
[2023-09-26 15:32:33,024] {processor.py:161} INFO - Processing /opt/airflow/dags/dag_hello_world.py took 0.074 seconds
[2023-09-26 15:33:03,115] {processor.py:153} INFO - Started process (PID=299) to work on /opt/airflow/dags/dag_hello_world.py
[2023-09-26 15:33:03,116] {processor.py:641} INFO - Processing file /opt/airflow/dags/dag_hello_world.py for tasks to queue
[2023-09-26 15:33:03,117] {logging_mixin.py:115} INFO - [2023-09-26 15:33:03,117] {dagbag.py:507} INFO - Filling up the DagBag from /opt/airflow/dags/dag_hello_world.py
[2023-09-26 15:33:03,140] {processor.py:651} INFO - DAG(s) dict_keys(['hello_world']) retrieved from /opt/airflow/dags/dag_hello_world.py
[2023-09-26 15:33:03,160] {logging_mixin.py:115} INFO - [2023-09-26 15:33:03,159] {dag.py:2371} INFO - Sync 1 DAGs
[2023-09-26 15:33:03,179] {logging_mixin.py:115} INFO - [2023-09-26 15:33:03,179] {dag.py:2919} INFO - Setting next_dagrun for hello_world to 2023-09-26T12:00:00+00:00, run_after=2023-09-27T12:00:00+00:00
[2023-09-26 15:33:03,198] {processor.py:161} INFO - Processing /opt/airflow/dags/dag_hello_world.py took 0.084 seconds
[2023-09-26 15:33:33,298] {processor.py:153} INFO - Started process (PID=304) to work on /opt/airflow/dags/dag_hello_world.py
[2023-09-26 15:33:33,299] {processor.py:641} INFO - Processing file /opt/airflow/dags/dag_hello_world.py for tasks to queue
[2023-09-26 15:33:33,300] {logging_mixin.py:115} INFO - [2023-09-26 15:33:33,300] {dagbag.py:507} INFO - Filling up the DagBag from /opt/airflow/dags/dag_hello_world.py
[2023-09-26 15:33:33,349] {processor.py:651} INFO - DAG(s) dict_keys(['hello_world']) retrieved from /opt/airflow/dags/dag_hello_world.py
[2023-09-26 15:33:33,383] {logging_mixin.py:115} INFO - [2023-09-26 15:33:33,383] {dag.py:2371} INFO - Sync 1 DAGs
[2023-09-26 15:33:33,407] {logging_mixin.py:115} INFO - [2023-09-26 15:33:33,406] {dag.py:2919} INFO - Setting next_dagrun for hello_world to 2023-09-26T12:00:00+00:00, run_after=2023-09-27T12:00:00+00:00
[2023-09-26 15:33:33,420] {processor.py:161} INFO - Processing /opt/airflow/dags/dag_hello_world.py took 0.124 seconds
[2023-09-26 15:34:03,494] {processor.py:153} INFO - Started process (PID=309) to work on /opt/airflow/dags/dag_hello_world.py
[2023-09-26 15:34:03,494] {processor.py:641} INFO - Processing file /opt/airflow/dags/dag_hello_world.py for tasks to queue
[2023-09-26 15:34:03,495] {logging_mixin.py:115} INFO - [2023-09-26 15:34:03,495] {dagbag.py:507} INFO - Filling up the DagBag from /opt/airflow/dags/dag_hello_world.py
[2023-09-26 15:34:03,513] {processor.py:651} INFO - DAG(s) dict_keys(['hello_world']) retrieved from /opt/airflow/dags/dag_hello_world.py
[2023-09-26 15:34:03,531] {logging_mixin.py:115} INFO - [2023-09-26 15:34:03,531] {dag.py:2371} INFO - Sync 1 DAGs
[2023-09-26 15:34:03,547] {logging_mixin.py:115} INFO - [2023-09-26 15:34:03,547] {dag.py:2919} INFO - Setting next_dagrun for hello_world to 2023-09-26T12:00:00+00:00, run_after=2023-09-27T12:00:00+00:00
[2023-09-26 15:34:03,557] {processor.py:161} INFO - Processing /opt/airflow/dags/dag_hello_world.py took 0.065 seconds
[2023-09-26 15:34:33,668] {processor.py:153} INFO - Started process (PID=314) to work on /opt/airflow/dags/dag_hello_world.py
[2023-09-26 15:34:33,668] {processor.py:641} INFO - Processing file /opt/airflow/dags/dag_hello_world.py for tasks to queue
[2023-09-26 15:34:33,669] {logging_mixin.py:115} INFO - [2023-09-26 15:34:33,669] {dagbag.py:507} INFO - Filling up the DagBag from /opt/airflow/dags/dag_hello_world.py
[2023-09-26 15:34:33,688] {processor.py:651} INFO - DAG(s) dict_keys(['hello_world']) retrieved from /opt/airflow/dags/dag_hello_world.py
[2023-09-26 15:34:33,704] {logging_mixin.py:115} INFO - [2023-09-26 15:34:33,704] {dag.py:2371} INFO - Sync 1 DAGs
[2023-09-26 15:34:33,721] {logging_mixin.py:115} INFO - [2023-09-26 15:34:33,721] {dag.py:2919} INFO - Setting next_dagrun for hello_world to 2023-09-26T12:00:00+00:00, run_after=2023-09-27T12:00:00+00:00
[2023-09-26 15:34:33,730] {processor.py:161} INFO - Processing /opt/airflow/dags/dag_hello_world.py took 0.064 seconds
[2023-09-26 15:35:03,779] {processor.py:153} INFO - Started process (PID=319) to work on /opt/airflow/dags/dag_hello_world.py
[2023-09-26 15:35:03,780] {processor.py:641} INFO - Processing file /opt/airflow/dags/dag_hello_world.py for tasks to queue
[2023-09-26 15:35:03,780] {logging_mixin.py:115} INFO - [2023-09-26 15:35:03,780] {dagbag.py:507} INFO - Filling up the DagBag from /opt/airflow/dags/dag_hello_world.py
[2023-09-26 15:35:03,799] {processor.py:651} INFO - DAG(s) dict_keys(['hello_world']) retrieved from /opt/airflow/dags/dag_hello_world.py
[2023-09-26 15:35:03,816] {logging_mixin.py:115} INFO - [2023-09-26 15:35:03,816] {dag.py:2371} INFO - Sync 1 DAGs
[2023-09-26 15:35:03,832] {logging_mixin.py:115} INFO - [2023-09-26 15:35:03,832] {dag.py:2919} INFO - Setting next_dagrun for hello_world to 2023-09-26T12:00:00+00:00, run_after=2023-09-27T12:00:00+00:00
[2023-09-26 15:35:03,847] {processor.py:161} INFO - Processing /opt/airflow/dags/dag_hello_world.py took 0.070 seconds
[2023-09-26 15:35:33,957] {processor.py:153} INFO - Started process (PID=324) to work on /opt/airflow/dags/dag_hello_world.py
[2023-09-26 15:35:33,958] {processor.py:641} INFO - Processing file /opt/airflow/dags/dag_hello_world.py for tasks to queue
[2023-09-26 15:35:33,959] {logging_mixin.py:115} INFO - [2023-09-26 15:35:33,958] {dagbag.py:507} INFO - Filling up the DagBag from /opt/airflow/dags/dag_hello_world.py
[2023-09-26 15:35:33,989] {processor.py:651} INFO - DAG(s) dict_keys(['hello_world']) retrieved from /opt/airflow/dags/dag_hello_world.py
[2023-09-26 15:35:34,015] {logging_mixin.py:115} INFO - [2023-09-26 15:35:34,015] {dag.py:2371} INFO - Sync 1 DAGs
[2023-09-26 15:35:34,036] {logging_mixin.py:115} INFO - [2023-09-26 15:35:34,036] {dag.py:2919} INFO - Setting next_dagrun for hello_world to 2023-09-26T12:00:00+00:00, run_after=2023-09-27T12:00:00+00:00
[2023-09-26 15:35:34,058] {processor.py:161} INFO - Processing /opt/airflow/dags/dag_hello_world.py took 0.104 seconds
[2023-09-26 15:36:04,174] {processor.py:153} INFO - Started process (PID=329) to work on /opt/airflow/dags/dag_hello_world.py
[2023-09-26 15:36:04,175] {processor.py:641} INFO - Processing file /opt/airflow/dags/dag_hello_world.py for tasks to queue
[2023-09-26 15:36:04,176] {logging_mixin.py:115} INFO - [2023-09-26 15:36:04,175] {dagbag.py:507} INFO - Filling up the DagBag from /opt/airflow/dags/dag_hello_world.py
[2023-09-26 15:36:04,197] {processor.py:651} INFO - DAG(s) dict_keys(['hello_world']) retrieved from /opt/airflow/dags/dag_hello_world.py
[2023-09-26 15:36:04,218] {logging_mixin.py:115} INFO - [2023-09-26 15:36:04,218] {dag.py:2371} INFO - Sync 1 DAGs
[2023-09-26 15:36:04,237] {logging_mixin.py:115} INFO - [2023-09-26 15:36:04,237] {dag.py:2919} INFO - Setting next_dagrun for hello_world to 2023-09-26T12:00:00+00:00, run_after=2023-09-27T12:00:00+00:00
[2023-09-26 15:36:04,255] {processor.py:161} INFO - Processing /opt/airflow/dags/dag_hello_world.py took 0.084 seconds
[2023-09-26 15:36:34,366] {processor.py:153} INFO - Started process (PID=334) to work on /opt/airflow/dags/dag_hello_world.py
[2023-09-26 15:36:34,367] {processor.py:641} INFO - Processing file /opt/airflow/dags/dag_hello_world.py for tasks to queue
[2023-09-26 15:36:34,367] {logging_mixin.py:115} INFO - [2023-09-26 15:36:34,367] {dagbag.py:507} INFO - Filling up the DagBag from /opt/airflow/dags/dag_hello_world.py
[2023-09-26 15:36:34,385] {processor.py:651} INFO - DAG(s) dict_keys(['hello_world']) retrieved from /opt/airflow/dags/dag_hello_world.py
[2023-09-26 15:36:34,404] {logging_mixin.py:115} INFO - [2023-09-26 15:36:34,404] {dag.py:2371} INFO - Sync 1 DAGs
[2023-09-26 15:36:34,419] {logging_mixin.py:115} INFO - [2023-09-26 15:36:34,419] {dag.py:2919} INFO - Setting next_dagrun for hello_world to 2023-09-26T12:00:00+00:00, run_after=2023-09-27T12:00:00+00:00
[2023-09-26 15:36:34,428] {processor.py:161} INFO - Processing /opt/airflow/dags/dag_hello_world.py took 0.064 seconds
[2023-09-26 15:36:55,440] {processor.py:153} INFO - Started process (PID=339) to work on /opt/airflow/dags/dag_hello_world.py
[2023-09-26 15:36:55,441] {processor.py:641} INFO - Processing file /opt/airflow/dags/dag_hello_world.py for tasks to queue
[2023-09-26 15:36:55,442] {logging_mixin.py:115} INFO - [2023-09-26 15:36:55,441] {dagbag.py:507} INFO - Filling up the DagBag from /opt/airflow/dags/dag_hello_world.py
[2023-09-26 15:36:55,459] {logging_mixin.py:115} INFO - [2023-09-26 15:36:55,459] {dagbag.py:320} ERROR - Failed to import: /opt/airflow/dags/dag_hello_world.py
Traceback (most recent call last):
  File "/home/airflow/.local/lib/python3.7/site-packages/airflow/models/dagbag.py", line 317, in parse
    loader.exec_module(new_module)
  File "<frozen importlib._bootstrap_external>", line 724, in exec_module
  File "<frozen importlib._bootstrap_external>", line 860, in get_code
  File "<frozen importlib._bootstrap_external>", line 791, in source_to_code
  File "<frozen importlib._bootstrap>", line 219, in _call_with_frames_removed
  File "/opt/airflow/dags/dag_hello_world.py", line 13
    task_d = DummyOperator(task_id="task_d")   task_a >> [task_b, task_c]
                                                    ^
SyntaxError: invalid syntax
[2023-09-26 15:36:55,460] {processor.py:653} WARNING - No viable dags retrieved from /opt/airflow/dags/dag_hello_world.py
[2023-09-26 15:36:55,482] {processor.py:161} INFO - Processing /opt/airflow/dags/dag_hello_world.py took 0.043 seconds
[2023-09-26 15:37:23,542] {processor.py:153} INFO - Started process (PID=344) to work on /opt/airflow/dags/dag_hello_world.py
[2023-09-26 15:37:23,543] {processor.py:641} INFO - Processing file /opt/airflow/dags/dag_hello_world.py for tasks to queue
[2023-09-26 15:37:23,543] {logging_mixin.py:115} INFO - [2023-09-26 15:37:23,543] {dagbag.py:507} INFO - Filling up the DagBag from /opt/airflow/dags/dag_hello_world.py
[2023-09-26 15:37:23,579] {processor.py:651} INFO - DAG(s) dict_keys(['etl_sales_daily']) retrieved from /opt/airflow/dags/dag_hello_world.py
[2023-09-26 15:37:23,655] {logging_mixin.py:115} INFO - [2023-09-26 15:37:23,654] {manager.py:508} INFO - Created Permission View: can delete on DAG:etl_sales_daily
[2023-09-26 15:37:23,663] {logging_mixin.py:115} INFO - [2023-09-26 15:37:23,663] {manager.py:508} INFO - Created Permission View: can read on DAG:etl_sales_daily
[2023-09-26 15:37:23,669] {logging_mixin.py:115} INFO - [2023-09-26 15:37:23,669] {manager.py:508} INFO - Created Permission View: can edit on DAG:etl_sales_daily
[2023-09-26 15:37:23,670] {logging_mixin.py:115} INFO - [2023-09-26 15:37:23,670] {dag.py:2371} INFO - Sync 1 DAGs
[2023-09-26 15:37:23,679] {logging_mixin.py:115} INFO - [2023-09-26 15:37:23,678] {dag.py:2390} INFO - Creating ORM DAG for etl_sales_daily
[2023-09-26 15:37:23,689] {logging_mixin.py:115} INFO - [2023-09-26 15:37:23,688] {dag.py:2919} INFO - Setting next_dagrun for etl_sales_daily to None, run_after=None
[2023-09-26 15:37:23,705] {processor.py:161} INFO - Processing /opt/airflow/dags/dag_hello_world.py took 0.165 seconds
[2023-09-26 15:37:28,599] {processor.py:153} INFO - Started process (PID=349) to work on /opt/airflow/dags/dag_hello_world.py
[2023-09-26 15:37:28,599] {processor.py:641} INFO - Processing file /opt/airflow/dags/dag_hello_world.py for tasks to queue
[2023-09-26 15:37:28,600] {logging_mixin.py:115} INFO - [2023-09-26 15:37:28,600] {dagbag.py:507} INFO - Filling up the DagBag from /opt/airflow/dags/dag_hello_world.py
[2023-09-26 15:37:28,629] {processor.py:651} INFO - DAG(s) dict_keys(['etl_sales_daily']) retrieved from /opt/airflow/dags/dag_hello_world.py
[2023-09-26 15:37:28,641] {logging_mixin.py:115} INFO - [2023-09-26 15:37:28,641] {dag.py:2371} INFO - Sync 1 DAGs
[2023-09-26 15:37:28,659] {logging_mixin.py:115} INFO - [2023-09-26 15:37:28,659] {dag.py:2919} INFO - Setting next_dagrun for etl_sales_daily to None, run_after=None
[2023-09-26 15:37:28,673] {processor.py:161} INFO - Processing /opt/airflow/dags/dag_hello_world.py took 0.077 seconds
[2023-09-26 15:37:58,705] {processor.py:153} INFO - Started process (PID=354) to work on /opt/airflow/dags/dag_hello_world.py
[2023-09-26 15:37:58,706] {processor.py:641} INFO - Processing file /opt/airflow/dags/dag_hello_world.py for tasks to queue
[2023-09-26 15:37:58,706] {logging_mixin.py:115} INFO - [2023-09-26 15:37:58,706] {dagbag.py:507} INFO - Filling up the DagBag from /opt/airflow/dags/dag_hello_world.py
[2023-09-26 15:37:58,724] {processor.py:651} INFO - DAG(s) dict_keys(['etl_sales_daily']) retrieved from /opt/airflow/dags/dag_hello_world.py
[2023-09-26 15:37:58,741] {logging_mixin.py:115} INFO - [2023-09-26 15:37:58,741] {dag.py:2371} INFO - Sync 1 DAGs
[2023-09-26 15:37:58,756] {logging_mixin.py:115} INFO - [2023-09-26 15:37:58,755] {dag.py:2919} INFO - Setting next_dagrun for etl_sales_daily to None, run_after=None
[2023-09-26 15:37:58,764] {processor.py:161} INFO - Processing /opt/airflow/dags/dag_hello_world.py took 0.061 seconds
[2023-09-26 15:38:16,857] {processor.py:153} INFO - Started process (PID=359) to work on /opt/airflow/dags/dag_hello_world.py
[2023-09-26 15:38:16,857] {processor.py:641} INFO - Processing file /opt/airflow/dags/dag_hello_world.py for tasks to queue
[2023-09-26 15:38:16,858] {logging_mixin.py:115} INFO - [2023-09-26 15:38:16,858] {dagbag.py:507} INFO - Filling up the DagBag from /opt/airflow/dags/dag_hello_world.py
[2023-09-26 15:38:16,875] {logging_mixin.py:115} INFO - [2023-09-26 15:38:16,875] {dagbag.py:320} ERROR - Failed to import: /opt/airflow/dags/dag_hello_world.py
Traceback (most recent call last):
  File "/home/airflow/.local/lib/python3.7/site-packages/airflow/models/dagbag.py", line 317, in parse
    loader.exec_module(new_module)
  File "<frozen importlib._bootstrap_external>", line 724, in exec_module
  File "<frozen importlib._bootstrap_external>", line 860, in get_code
  File "<frozen importlib._bootstrap_external>", line 791, in source_to_code
  File "<frozen importlib._bootstrap>", line 219, in _call_with_frames_removed
  File "/opt/airflow/dags/dag_hello_world.py", line 2
    from airflow.operators.dummyimport DummyOperator
                                                   ^
SyntaxError: invalid syntax
[2023-09-26 15:38:16,876] {processor.py:653} WARNING - No viable dags retrieved from /opt/airflow/dags/dag_hello_world.py
[2023-09-26 15:38:16,891] {processor.py:161} INFO - Processing /opt/airflow/dags/dag_hello_world.py took 0.037 seconds
[2023-09-26 15:38:17,864] {processor.py:153} INFO - Started process (PID=364) to work on /opt/airflow/dags/dag_hello_world.py
[2023-09-26 15:38:17,865] {processor.py:641} INFO - Processing file /opt/airflow/dags/dag_hello_world.py for tasks to queue
[2023-09-26 15:38:17,865] {logging_mixin.py:115} INFO - [2023-09-26 15:38:17,865] {dagbag.py:507} INFO - Filling up the DagBag from /opt/airflow/dags/dag_hello_world.py
[2023-09-26 15:38:17,897] {processor.py:651} INFO - DAG(s) dict_keys(['etl_sales_daily']) retrieved from /opt/airflow/dags/dag_hello_world.py
[2023-09-26 15:38:17,943] {logging_mixin.py:115} INFO - [2023-09-26 15:38:17,943] {dag.py:2371} INFO - Sync 1 DAGs
[2023-09-26 15:38:17,956] {logging_mixin.py:115} INFO - [2023-09-26 15:38:17,956] {dag.py:2919} INFO - Setting next_dagrun for etl_sales_daily to None, run_after=None
[2023-09-26 15:38:17,973] {processor.py:161} INFO - Processing /opt/airflow/dags/dag_hello_world.py took 0.111 seconds
[2023-09-26 15:38:21,934] {processor.py:153} INFO - Started process (PID=369) to work on /opt/airflow/dags/dag_hello_world.py
[2023-09-26 15:38:21,935] {processor.py:641} INFO - Processing file /opt/airflow/dags/dag_hello_world.py for tasks to queue
[2023-09-26 15:38:21,936] {logging_mixin.py:115} INFO - [2023-09-26 15:38:21,936] {dagbag.py:507} INFO - Filling up the DagBag from /opt/airflow/dags/dag_hello_world.py
[2023-09-26 15:38:21,967] {logging_mixin.py:115} INFO - [2023-09-26 15:38:21,963] {dagbag.py:320} ERROR - Failed to import: /opt/airflow/dags/dag_hello_world.py
Traceback (most recent call last):
  File "/home/airflow/.local/lib/python3.7/site-packages/airflow/models/dagbag.py", line 317, in parse
    loader.exec_module(new_module)
  File "<frozen importlib._bootstrap_external>", line 728, in exec_module
  File "<frozen importlib._bootstrap>", line 219, in _call_with_frames_removed
  File "/opt/airflow/dags/dag_hello_world.py", line 2, in <module>
    from airflow.operators.empty import DummyOperator
ImportError: cannot import name 'DummyOperator' from 'airflow.operators.empty' (/home/airflow/.local/lib/python3.7/site-packages/airflow/operators/empty.py)
[2023-09-26 15:38:21,969] {processor.py:653} WARNING - No viable dags retrieved from /opt/airflow/dags/dag_hello_world.py
[2023-09-26 15:38:21,984] {processor.py:161} INFO - Processing /opt/airflow/dags/dag_hello_world.py took 0.052 seconds
[2023-09-26 15:38:32,978] {processor.py:153} INFO - Started process (PID=374) to work on /opt/airflow/dags/dag_hello_world.py
[2023-09-26 15:38:32,978] {processor.py:641} INFO - Processing file /opt/airflow/dags/dag_hello_world.py for tasks to queue
[2023-09-26 15:38:32,979] {logging_mixin.py:115} INFO - [2023-09-26 15:38:32,979] {dagbag.py:507} INFO - Filling up the DagBag from /opt/airflow/dags/dag_hello_world.py
[2023-09-26 15:38:33,014] {processor.py:651} INFO - DAG(s) dict_keys(['etl_sales_daily']) retrieved from /opt/airflow/dags/dag_hello_world.py
[2023-09-26 15:38:33,029] {logging_mixin.py:115} INFO - [2023-09-26 15:38:33,029] {dag.py:2371} INFO - Sync 1 DAGs
[2023-09-26 15:38:33,048] {logging_mixin.py:115} INFO - [2023-09-26 15:38:33,048] {dag.py:2919} INFO - Setting next_dagrun for etl_sales_daily to None, run_after=None
[2023-09-26 15:38:33,065] {processor.py:161} INFO - Processing /opt/airflow/dags/dag_hello_world.py took 0.089 seconds
[2023-09-26 15:39:03,184] {processor.py:153} INFO - Started process (PID=379) to work on /opt/airflow/dags/dag_hello_world.py
[2023-09-26 15:39:03,185] {processor.py:641} INFO - Processing file /opt/airflow/dags/dag_hello_world.py for tasks to queue
[2023-09-26 15:39:03,186] {logging_mixin.py:115} INFO - [2023-09-26 15:39:03,186] {dagbag.py:507} INFO - Filling up the DagBag from /opt/airflow/dags/dag_hello_world.py
[2023-09-26 15:39:03,203] {processor.py:651} INFO - DAG(s) dict_keys(['etl_sales_daily']) retrieved from /opt/airflow/dags/dag_hello_world.py
[2023-09-26 15:39:03,250] {logging_mixin.py:115} INFO - [2023-09-26 15:39:03,250] {dag.py:2371} INFO - Sync 1 DAGs
[2023-09-26 15:39:03,264] {logging_mixin.py:115} INFO - [2023-09-26 15:39:03,264] {dag.py:2919} INFO - Setting next_dagrun for etl_sales_daily to None, run_after=None
[2023-09-26 15:39:03,274] {processor.py:161} INFO - Processing /opt/airflow/dags/dag_hello_world.py took 0.091 seconds
[2023-09-26 15:39:33,384] {processor.py:153} INFO - Started process (PID=384) to work on /opt/airflow/dags/dag_hello_world.py
[2023-09-26 15:39:33,385] {processor.py:641} INFO - Processing file /opt/airflow/dags/dag_hello_world.py for tasks to queue
[2023-09-26 15:39:33,386] {logging_mixin.py:115} INFO - [2023-09-26 15:39:33,386] {dagbag.py:507} INFO - Filling up the DagBag from /opt/airflow/dags/dag_hello_world.py
[2023-09-26 15:39:33,404] {processor.py:651} INFO - DAG(s) dict_keys(['etl_sales_daily']) retrieved from /opt/airflow/dags/dag_hello_world.py
[2023-09-26 15:39:33,427] {logging_mixin.py:115} INFO - [2023-09-26 15:39:33,427] {dag.py:2371} INFO - Sync 1 DAGs
[2023-09-26 15:39:33,452] {logging_mixin.py:115} INFO - [2023-09-26 15:39:33,452] {dag.py:2919} INFO - Setting next_dagrun for etl_sales_daily to None, run_after=None
[2023-09-26 15:39:33,467] {processor.py:161} INFO - Processing /opt/airflow/dags/dag_hello_world.py took 0.085 seconds
[2023-09-26 15:40:03,585] {processor.py:153} INFO - Started process (PID=389) to work on /opt/airflow/dags/dag_hello_world.py
[2023-09-26 15:40:03,586] {processor.py:641} INFO - Processing file /opt/airflow/dags/dag_hello_world.py for tasks to queue
[2023-09-26 15:40:03,587] {logging_mixin.py:115} INFO - [2023-09-26 15:40:03,586] {dagbag.py:507} INFO - Filling up the DagBag from /opt/airflow/dags/dag_hello_world.py
[2023-09-26 15:40:03,602] {processor.py:651} INFO - DAG(s) dict_keys(['etl_sales_daily']) retrieved from /opt/airflow/dags/dag_hello_world.py
[2023-09-26 15:40:03,619] {logging_mixin.py:115} INFO - [2023-09-26 15:40:03,619] {dag.py:2371} INFO - Sync 1 DAGs
[2023-09-26 15:40:03,634] {logging_mixin.py:115} INFO - [2023-09-26 15:40:03,634] {dag.py:2919} INFO - Setting next_dagrun for etl_sales_daily to None, run_after=None
[2023-09-26 15:40:03,649] {processor.py:161} INFO - Processing /opt/airflow/dags/dag_hello_world.py took 0.065 seconds
[2023-09-26 15:40:33,694] {processor.py:153} INFO - Started process (PID=394) to work on /opt/airflow/dags/dag_hello_world.py
[2023-09-26 15:40:33,695] {processor.py:641} INFO - Processing file /opt/airflow/dags/dag_hello_world.py for tasks to queue
[2023-09-26 15:40:33,695] {logging_mixin.py:115} INFO - [2023-09-26 15:40:33,695] {dagbag.py:507} INFO - Filling up the DagBag from /opt/airflow/dags/dag_hello_world.py
[2023-09-26 15:40:33,713] {processor.py:651} INFO - DAG(s) dict_keys(['etl_sales_daily']) retrieved from /opt/airflow/dags/dag_hello_world.py
[2023-09-26 15:40:33,731] {logging_mixin.py:115} INFO - [2023-09-26 15:40:33,731] {dag.py:2371} INFO - Sync 1 DAGs
[2023-09-26 15:40:33,746] {logging_mixin.py:115} INFO - [2023-09-26 15:40:33,745] {dag.py:2919} INFO - Setting next_dagrun for etl_sales_daily to None, run_after=None
[2023-09-26 15:40:33,761] {processor.py:161} INFO - Processing /opt/airflow/dags/dag_hello_world.py took 0.069 seconds
[2023-09-26 15:41:03,863] {processor.py:153} INFO - Started process (PID=399) to work on /opt/airflow/dags/dag_hello_world.py
[2023-09-26 15:41:03,863] {processor.py:641} INFO - Processing file /opt/airflow/dags/dag_hello_world.py for tasks to queue
[2023-09-26 15:41:03,864] {logging_mixin.py:115} INFO - [2023-09-26 15:41:03,864] {dagbag.py:507} INFO - Filling up the DagBag from /opt/airflow/dags/dag_hello_world.py
[2023-09-26 15:41:03,880] {processor.py:651} INFO - DAG(s) dict_keys(['etl_sales_daily']) retrieved from /opt/airflow/dags/dag_hello_world.py
[2023-09-26 15:41:03,896] {logging_mixin.py:115} INFO - [2023-09-26 15:41:03,896] {dag.py:2371} INFO - Sync 1 DAGs
[2023-09-26 15:41:03,910] {logging_mixin.py:115} INFO - [2023-09-26 15:41:03,910] {dag.py:2919} INFO - Setting next_dagrun for etl_sales_daily to None, run_after=None
[2023-09-26 15:41:03,924] {processor.py:161} INFO - Processing /opt/airflow/dags/dag_hello_world.py took 0.063 seconds
[2023-09-26 15:41:33,974] {processor.py:153} INFO - Started process (PID=404) to work on /opt/airflow/dags/dag_hello_world.py
[2023-09-26 15:41:33,975] {processor.py:641} INFO - Processing file /opt/airflow/dags/dag_hello_world.py for tasks to queue
[2023-09-26 15:41:33,975] {logging_mixin.py:115} INFO - [2023-09-26 15:41:33,975] {dagbag.py:507} INFO - Filling up the DagBag from /opt/airflow/dags/dag_hello_world.py
[2023-09-26 15:41:33,990] {processor.py:651} INFO - DAG(s) dict_keys(['etl_sales_daily']) retrieved from /opt/airflow/dags/dag_hello_world.py
[2023-09-26 15:41:34,007] {logging_mixin.py:115} INFO - [2023-09-26 15:41:34,007] {dag.py:2371} INFO - Sync 1 DAGs
[2023-09-26 15:41:34,022] {logging_mixin.py:115} INFO - [2023-09-26 15:41:34,022] {dag.py:2919} INFO - Setting next_dagrun for etl_sales_daily to None, run_after=None
[2023-09-26 15:41:34,038] {processor.py:161} INFO - Processing /opt/airflow/dags/dag_hello_world.py took 0.065 seconds
[2023-09-26 15:42:04,141] {processor.py:153} INFO - Started process (PID=409) to work on /opt/airflow/dags/dag_hello_world.py
[2023-09-26 15:42:04,142] {processor.py:641} INFO - Processing file /opt/airflow/dags/dag_hello_world.py for tasks to queue
[2023-09-26 15:42:04,142] {logging_mixin.py:115} INFO - [2023-09-26 15:42:04,142] {dagbag.py:507} INFO - Filling up the DagBag from /opt/airflow/dags/dag_hello_world.py
[2023-09-26 15:42:04,158] {processor.py:651} INFO - DAG(s) dict_keys(['etl_sales_daily']) retrieved from /opt/airflow/dags/dag_hello_world.py
[2023-09-26 15:42:04,175] {logging_mixin.py:115} INFO - [2023-09-26 15:42:04,175] {dag.py:2371} INFO - Sync 1 DAGs
[2023-09-26 15:42:04,189] {logging_mixin.py:115} INFO - [2023-09-26 15:42:04,189] {dag.py:2919} INFO - Setting next_dagrun for etl_sales_daily to None, run_after=None
[2023-09-26 15:42:04,198] {processor.py:161} INFO - Processing /opt/airflow/dags/dag_hello_world.py took 0.059 seconds
[2023-09-26 15:42:34,257] {processor.py:153} INFO - Started process (PID=414) to work on /opt/airflow/dags/dag_hello_world.py
[2023-09-26 15:42:34,258] {processor.py:641} INFO - Processing file /opt/airflow/dags/dag_hello_world.py for tasks to queue
[2023-09-26 15:42:34,258] {logging_mixin.py:115} INFO - [2023-09-26 15:42:34,258] {dagbag.py:507} INFO - Filling up the DagBag from /opt/airflow/dags/dag_hello_world.py
[2023-09-26 15:42:34,275] {processor.py:651} INFO - DAG(s) dict_keys(['etl_sales_daily']) retrieved from /opt/airflow/dags/dag_hello_world.py
[2023-09-26 15:42:34,294] {logging_mixin.py:115} INFO - [2023-09-26 15:42:34,294] {dag.py:2371} INFO - Sync 1 DAGs
[2023-09-26 15:42:34,311] {logging_mixin.py:115} INFO - [2023-09-26 15:42:34,311] {dag.py:2919} INFO - Setting next_dagrun for etl_sales_daily to None, run_after=None
[2023-09-26 15:42:34,327] {processor.py:161} INFO - Processing /opt/airflow/dags/dag_hello_world.py took 0.072 seconds
[2023-09-26 15:43:04,417] {processor.py:153} INFO - Started process (PID=419) to work on /opt/airflow/dags/dag_hello_world.py
[2023-09-26 15:43:04,418] {processor.py:641} INFO - Processing file /opt/airflow/dags/dag_hello_world.py for tasks to queue
[2023-09-26 15:43:04,419] {logging_mixin.py:115} INFO - [2023-09-26 15:43:04,418] {dagbag.py:507} INFO - Filling up the DagBag from /opt/airflow/dags/dag_hello_world.py
[2023-09-26 15:43:04,435] {processor.py:651} INFO - DAG(s) dict_keys(['etl_sales_daily']) retrieved from /opt/airflow/dags/dag_hello_world.py
[2023-09-26 15:43:04,453] {logging_mixin.py:115} INFO - [2023-09-26 15:43:04,453] {dag.py:2371} INFO - Sync 1 DAGs
[2023-09-26 15:43:04,468] {logging_mixin.py:115} INFO - [2023-09-26 15:43:04,468] {dag.py:2919} INFO - Setting next_dagrun for etl_sales_daily to None, run_after=None
[2023-09-26 15:43:04,478] {processor.py:161} INFO - Processing /opt/airflow/dags/dag_hello_world.py took 0.063 seconds
[2023-09-26 15:43:34,545] {processor.py:153} INFO - Started process (PID=424) to work on /opt/airflow/dags/dag_hello_world.py
[2023-09-26 15:43:34,546] {processor.py:641} INFO - Processing file /opt/airflow/dags/dag_hello_world.py for tasks to queue
[2023-09-26 15:43:34,548] {logging_mixin.py:115} INFO - [2023-09-26 15:43:34,548] {dagbag.py:507} INFO - Filling up the DagBag from /opt/airflow/dags/dag_hello_world.py
[2023-09-26 15:43:34,576] {processor.py:651} INFO - DAG(s) dict_keys(['etl_sales_daily']) retrieved from /opt/airflow/dags/dag_hello_world.py
[2023-09-26 15:43:34,605] {logging_mixin.py:115} INFO - [2023-09-26 15:43:34,605] {dag.py:2371} INFO - Sync 1 DAGs
[2023-09-26 15:43:34,634] {logging_mixin.py:115} INFO - [2023-09-26 15:43:34,634] {dag.py:2919} INFO - Setting next_dagrun for etl_sales_daily to None, run_after=None
[2023-09-26 15:43:34,663] {processor.py:161} INFO - Processing /opt/airflow/dags/dag_hello_world.py took 0.121 seconds
[2023-09-26 15:44:04,745] {processor.py:153} INFO - Started process (PID=429) to work on /opt/airflow/dags/dag_hello_world.py
[2023-09-26 15:44:04,746] {processor.py:641} INFO - Processing file /opt/airflow/dags/dag_hello_world.py for tasks to queue
[2023-09-26 15:44:04,747] {logging_mixin.py:115} INFO - [2023-09-26 15:44:04,747] {dagbag.py:507} INFO - Filling up the DagBag from /opt/airflow/dags/dag_hello_world.py
[2023-09-26 15:44:04,770] {processor.py:651} INFO - DAG(s) dict_keys(['etl_sales_daily']) retrieved from /opt/airflow/dags/dag_hello_world.py
[2023-09-26 15:44:04,794] {logging_mixin.py:115} INFO - [2023-09-26 15:44:04,794] {dag.py:2371} INFO - Sync 1 DAGs
[2023-09-26 15:44:04,819] {logging_mixin.py:115} INFO - [2023-09-26 15:44:04,819] {dag.py:2919} INFO - Setting next_dagrun for etl_sales_daily to None, run_after=None
[2023-09-26 15:44:04,839] {processor.py:161} INFO - Processing /opt/airflow/dags/dag_hello_world.py took 0.096 seconds
[2023-09-26 15:44:34,901] {processor.py:153} INFO - Started process (PID=434) to work on /opt/airflow/dags/dag_hello_world.py
[2023-09-26 15:44:34,902] {processor.py:641} INFO - Processing file /opt/airflow/dags/dag_hello_world.py for tasks to queue
[2023-09-26 15:44:34,903] {logging_mixin.py:115} INFO - [2023-09-26 15:44:34,903] {dagbag.py:507} INFO - Filling up the DagBag from /opt/airflow/dags/dag_hello_world.py
[2023-09-26 15:44:34,922] {processor.py:651} INFO - DAG(s) dict_keys(['etl_sales_daily']) retrieved from /opt/airflow/dags/dag_hello_world.py
[2023-09-26 15:44:34,942] {logging_mixin.py:115} INFO - [2023-09-26 15:44:34,942] {dag.py:2371} INFO - Sync 1 DAGs
[2023-09-26 15:44:34,959] {logging_mixin.py:115} INFO - [2023-09-26 15:44:34,959] {dag.py:2919} INFO - Setting next_dagrun for etl_sales_daily to None, run_after=None
[2023-09-26 15:44:34,971] {processor.py:161} INFO - Processing /opt/airflow/dags/dag_hello_world.py took 0.072 seconds
[2023-09-26 15:45:05,054] {processor.py:153} INFO - Started process (PID=439) to work on /opt/airflow/dags/dag_hello_world.py
[2023-09-26 15:45:05,055] {processor.py:641} INFO - Processing file /opt/airflow/dags/dag_hello_world.py for tasks to queue
[2023-09-26 15:45:05,056] {logging_mixin.py:115} INFO - [2023-09-26 15:45:05,056] {dagbag.py:507} INFO - Filling up the DagBag from /opt/airflow/dags/dag_hello_world.py
[2023-09-26 15:45:05,073] {processor.py:651} INFO - DAG(s) dict_keys(['etl_sales_daily']) retrieved from /opt/airflow/dags/dag_hello_world.py
[2023-09-26 15:45:05,091] {logging_mixin.py:115} INFO - [2023-09-26 15:45:05,091] {dag.py:2371} INFO - Sync 1 DAGs
[2023-09-26 15:45:05,108] {logging_mixin.py:115} INFO - [2023-09-26 15:45:05,108] {dag.py:2919} INFO - Setting next_dagrun for etl_sales_daily to None, run_after=None
[2023-09-26 15:45:05,118] {processor.py:161} INFO - Processing /opt/airflow/dags/dag_hello_world.py took 0.066 seconds
[2023-09-26 15:45:35,182] {processor.py:153} INFO - Started process (PID=444) to work on /opt/airflow/dags/dag_hello_world.py
[2023-09-26 15:45:35,183] {processor.py:641} INFO - Processing file /opt/airflow/dags/dag_hello_world.py for tasks to queue
[2023-09-26 15:45:35,183] {logging_mixin.py:115} INFO - [2023-09-26 15:45:35,183] {dagbag.py:507} INFO - Filling up the DagBag from /opt/airflow/dags/dag_hello_world.py
[2023-09-26 15:45:35,200] {processor.py:651} INFO - DAG(s) dict_keys(['etl_sales_daily']) retrieved from /opt/airflow/dags/dag_hello_world.py
[2023-09-26 15:45:35,218] {logging_mixin.py:115} INFO - [2023-09-26 15:45:35,218] {dag.py:2371} INFO - Sync 1 DAGs
[2023-09-26 15:45:35,232] {logging_mixin.py:115} INFO - [2023-09-26 15:45:35,232] {dag.py:2919} INFO - Setting next_dagrun for etl_sales_daily to None, run_after=None
[2023-09-26 15:45:35,241] {processor.py:161} INFO - Processing /opt/airflow/dags/dag_hello_world.py took 0.061 seconds
